This file contains any messages produced by compilers while
running configure, to aid debugging if configure makes a mistake.

It was created by configure, which was
generated by GNU Autoconf 2.69.  Invocation command line was

  $ ./configure --disable-option-checking --prefix=/usr/local/freeswitch CONFIGURE_CFLAGS=-g -O2 CONFIGURE_CXXFLAGS=-g -O2 CONFIGURE_LDFLAGS= --cache-file=/dev/null --srcdir=. --disable-shared --with-pic

## --------- ##
## Platform. ##
## --------- ##

hostname = greebo.voxlucida.com.au
uname -m = x86_64
uname -r = 3.11.9-200.fc19.x86_64
uname -s = Linux
uname -v = #1 SMP Wed Nov 20 21:22:24 UTC 2013

/usr/bin/uname -p = x86_64
/bin/uname -X     = unknown

/bin/arch              = x86_64
/usr/bin/arch -k       = unknown
/usr/convex/getsysinfo = unknown
/usr/bin/hostinfo      = unknown
/bin/machine           = unknown
/usr/bin/oslevel       = unknown
/bin/universe          = unknown

PATH: /usr/lib64/ccache
PATH: /usr/local/bin
PATH: /usr/bin
PATH: /usr/local/sbin
PATH: /usr/sbin
PATH: /home/robertj/.local/bin
PATH: /home/robertj/bin


## ----------- ##
## Core tests. ##
## ----------- ##

configure:2666: checking for a BSD-compatible install
configure:2734: result: /usr/bin/install -c
configure:2745: checking whether build environment is sane
configure:2800: result: yes
configure:2838: WARNING: 'missing' script is too old or missing
configure:2951: checking for a thread-safe mkdir -p
configure:2990: result: /usr/bin/mkdir -p
configure:2997: checking for gawk
configure:3013: found /usr/bin/gawk
configure:3024: result: gawk
configure:3035: checking whether make sets $(MAKE)
configure:3057: result: yes
configure:3086: checking whether make supports nested variables
configure:3103: result: yes
configure:3193: checking build system type
configure:3207: result: x86_64-unknown-linux-gnu
configure:3227: checking host system type
configure:3240: result: x86_64-unknown-linux-gnu
configure:3309: checking for gcc
configure:3325: found /usr/lib64/ccache/gcc
configure:3336: result: gcc
configure:3565: checking for C compiler version
configure:3574: gcc --version >&5
gcc (GCC) 4.8.2 20131017 (Red Hat 4.8.2-1)
Copyright (C) 2013 Free Software Foundation, Inc.
This is free software; see the source for copying conditions.  There is NO
warranty; not even for MERCHANTABILITY or FITNESS FOR A PARTICULAR PURPOSE.

configure:3585: $? = 0
configure:3574: gcc -v >&5
Using built-in specs.
COLLECT_GCC=/usr/bin/gcc
COLLECT_LTO_WRAPPER=/usr/libexec/gcc/x86_64-redhat-linux/4.8.2/lto-wrapper
Target: x86_64-redhat-linux
Configured with: ../configure --prefix=/usr --mandir=/usr/share/man --infodir=/usr/share/info --with-bugurl=http://bugzilla.redhat.com/bugzilla --enable-bootstrap --enable-shared --enable-threads=posix --enable-checking=release --with-system-zlib --enable-__cxa_atexit --disable-libunwind-exceptions --enable-gnu-unique-object --enable-linker-build-id --with-linker-hash-style=gnu --enable-languages=c,c++,objc,obj-c++,java,fortran,ada,go,lto --enable-plugin --enable-initfini-array --enable-java-awt=gtk --disable-dssi --with-java-home=/usr/lib/jvm/java-1.5.0-gcj-1.5.0.0/jre --enable-libgcj-multifile --enable-java-maintainer-mode --with-ecj-jar=/usr/share/java/eclipse-ecj.jar --disable-libjava-multilib --with-isl=/builddir/build/BUILD/gcc-4.8.2-20131017/obj-x86_64-redhat-linux/isl-install --with-cloog=/builddir/build/BUILD/gcc-4.8.2-20131017/obj-x86_64-redhat-linux/cloog-install --with-tune=generic --with-arch_32=i686 --build=x86_64-redhat-linux
Thread model: posix
gcc version 4.8.2 20131017 (Red Hat 4.8.2-1) (GCC) 
configure:3585: $? = 0
configure:3574: gcc -V >&5
gcc: error: unrecognized command line option '-V'
gcc: fatal error: no input files
compilation terminated.
configure:3585: $? = 4
configure:3574: gcc -qversion >&5
gcc: error: unrecognized command line option '-qversion'
gcc: fatal error: no input files
compilation terminated.
configure:3585: $? = 4
configure:3605: checking whether the C compiler works
configure:3627: gcc    conftest.c  >&5
configure:3631: $? = 0
configure:3679: result: yes
configure:3682: checking for C compiler default output file name
configure:3684: result: a.out
configure:3690: checking for suffix of executables
configure:3697: gcc -o conftest    conftest.c  >&5
configure:3701: $? = 0
configure:3723: result: 
configure:3745: checking whether we are cross compiling
configure:3753: gcc -o conftest    conftest.c  >&5
configure:3757: $? = 0
configure:3764: ./conftest
configure:3768: $? = 0
configure:3783: result: no
configure:3788: checking for suffix of object files
configure:3810: gcc -c   conftest.c >&5
configure:3814: $? = 0
configure:3835: result: o
configure:3839: checking whether we are using the GNU C compiler
configure:3858: gcc -c   conftest.c >&5
configure:3858: $? = 0
configure:3867: result: yes
configure:3876: checking whether gcc accepts -g
configure:3896: gcc -c -g  conftest.c >&5
configure:3896: $? = 0
configure:3937: result: yes
configure:3954: checking for gcc option to accept ISO C89
configure:4017: gcc  -c -g -O2  conftest.c >&5
configure:4017: $? = 0
configure:4030: result: none needed
configure:4061: checking for style of include used by make
configure:4089: result: GNU
configure:4115: checking dependency style of gcc
configure:4226: result: gcc3
configure:4299: checking for g++
configure:4315: found /usr/lib64/ccache/g++
configure:4326: result: g++
configure:4353: checking for C++ compiler version
configure:4362: g++ --version >&5
g++ (GCC) 4.8.2 20131017 (Red Hat 4.8.2-1)
Copyright (C) 2013 Free Software Foundation, Inc.
This is free software; see the source for copying conditions.  There is NO
warranty; not even for MERCHANTABILITY or FITNESS FOR A PARTICULAR PURPOSE.

configure:4373: $? = 0
configure:4362: g++ -v >&5
Using built-in specs.
COLLECT_GCC=/usr/bin/g++
COLLECT_LTO_WRAPPER=/usr/libexec/gcc/x86_64-redhat-linux/4.8.2/lto-wrapper
Target: x86_64-redhat-linux
Configured with: ../configure --prefix=/usr --mandir=/usr/share/man --infodir=/usr/share/info --with-bugurl=http://bugzilla.redhat.com/bugzilla --enable-bootstrap --enable-shared --enable-threads=posix --enable-checking=release --with-system-zlib --enable-__cxa_atexit --disable-libunwind-exceptions --enable-gnu-unique-object --enable-linker-build-id --with-linker-hash-style=gnu --enable-languages=c,c++,objc,obj-c++,java,fortran,ada,go,lto --enable-plugin --enable-initfini-array --enable-java-awt=gtk --disable-dssi --with-java-home=/usr/lib/jvm/java-1.5.0-gcj-1.5.0.0/jre --enable-libgcj-multifile --enable-java-maintainer-mode --with-ecj-jar=/usr/share/java/eclipse-ecj.jar --disable-libjava-multilib --with-isl=/builddir/build/BUILD/gcc-4.8.2-20131017/obj-x86_64-redhat-linux/isl-install --with-cloog=/builddir/build/BUILD/gcc-4.8.2-20131017/obj-x86_64-redhat-linux/cloog-install --with-tune=generic --with-arch_32=i686 --build=x86_64-redhat-linux
Thread model: posix
gcc version 4.8.2 20131017 (Red Hat 4.8.2-1) (GCC) 
configure:4373: $? = 0
configure:4362: g++ -V >&5
g++: error: unrecognized command line option '-V'
g++: fatal error: no input files
compilation terminated.
configure:4373: $? = 4
configure:4362: g++ -qversion >&5
g++: error: unrecognized command line option '-qversion'
g++: fatal error: no input files
compilation terminated.
configure:4373: $? = 4
configure:4377: checking whether we are using the GNU C++ compiler
configure:4396: g++ -c   conftest.cpp >&5
configure:4396: $? = 0
configure:4405: result: yes
configure:4414: checking whether g++ accepts -g
configure:4434: g++ -c -g  conftest.cpp >&5
configure:4434: $? = 0
configure:4475: result: yes
configure:4500: checking dependency style of g++
configure:4611: result: gcc3
configure:4632: checking how to run the C preprocessor
configure:4663: gcc -E  conftest.c
configure:4663: $? = 0
configure:4677: gcc -E  conftest.c
conftest.c:11:28: fatal error: ac_nonexistent.h: No such file or directory
 #include <ac_nonexistent.h>
                            ^
compilation terminated.
configure:4677: $? = 1
configure: failed program was:
| /* confdefs.h */
| #define PACKAGE_NAME ""
| #define PACKAGE_TARNAME ""
| #define PACKAGE_VERSION ""
| #define PACKAGE_STRING ""
| #define PACKAGE_BUGREPORT ""
| #define PACKAGE_URL ""
| #define PACKAGE "g722_1"
| #define VERSION "0.0.1"
| /* end confdefs.h.  */
| #include <ac_nonexistent.h>
configure:4702: result: gcc -E
configure:4722: gcc -E  conftest.c
configure:4722: $? = 0
configure:4736: gcc -E  conftest.c
conftest.c:11:28: fatal error: ac_nonexistent.h: No such file or directory
 #include <ac_nonexistent.h>
                            ^
compilation terminated.
configure:4736: $? = 1
configure: failed program was:
| /* confdefs.h */
| #define PACKAGE_NAME ""
| #define PACKAGE_TARNAME ""
| #define PACKAGE_VERSION ""
| #define PACKAGE_STRING ""
| #define PACKAGE_BUGREPORT ""
| #define PACKAGE_URL ""
| #define PACKAGE "g722_1"
| #define VERSION "0.0.1"
| /* end confdefs.h.  */
| #include <ac_nonexistent.h>
configure:4765: checking for grep that handles long lines and -e
configure:4823: result: /usr/bin/grep
configure:4828: checking for egrep
configure:4890: result: /usr/bin/grep -E
configure:4896: checking whether gcc needs -traditional
configure:4930: result: no
configure:4983: checking how to print strings
configure:5010: result: printf
configure:5031: checking for a sed that does not truncate output
configure:5095: result: /usr/bin/sed
configure:5113: checking for fgrep
configure:5175: result: /usr/bin/grep -F
configure:5210: checking for ld used by gcc
configure:5277: result: /usr/bin/ld
configure:5284: checking if the linker (/usr/bin/ld) is GNU ld
configure:5299: result: yes
configure:5311: checking for BSD- or MS-compatible name lister (nm)
configure:5360: result: /usr/bin/nm -B
configure:5490: checking the name lister (/usr/bin/nm -B) interface
configure:5497: gcc -c -g -O2  conftest.c >&5
configure:5500: /usr/bin/nm -B "conftest.o"
configure:5503: output
0000000000000000 B some_variable
configure:5510: result: BSD nm
configure:5513: checking whether ln -s works
configure:5517: result: yes
configure:5525: checking the maximum length of command line arguments
configure:5655: result: 1572864
configure:5672: checking whether the shell understands some XSI constructs
configure:5682: result: yes
configure:5686: checking whether the shell understands "+="
configure:5692: result: yes
configure:5727: checking how to convert x86_64-unknown-linux-gnu file names to x86_64-unknown-linux-gnu format
configure:5767: result: func_convert_file_noop
configure:5774: checking how to convert x86_64-unknown-linux-gnu file names to toolchain format
configure:5794: result: func_convert_file_noop
configure:5801: checking for /usr/bin/ld option to reload object files
configure:5808: result: -r
configure:5882: checking for objdump
configure:5898: found /usr/bin/objdump
configure:5909: result: objdump
configure:5941: checking how to recognize dependent libraries
configure:6143: result: pass_all
configure:6228: checking for dlltool
configure:6258: result: no
configure:6288: checking how to associate runtime and link libraries
configure:6315: result: printf %s\n
configure:6375: checking for ar
configure:6391: found /usr/bin/ar
configure:6402: result: ar
configure:6439: checking for archiver @FILE support
configure:6456: gcc -c -g -O2  conftest.c >&5
configure:6456: $? = 0
configure:6459: ar cru libconftest.a @conftest.lst >&5
configure:6462: $? = 0
configure:6467: ar cru libconftest.a @conftest.lst >&5
ar: conftest.o: No such file or directory
configure:6470: $? = 1
configure:6482: result: @
configure:6540: checking for strip
configure:6556: found /usr/bin/strip
configure:6567: result: strip
configure:6639: checking for ranlib
configure:6655: found /usr/bin/ranlib
configure:6666: result: ranlib
configure:6768: checking command to parse /usr/bin/nm -B output from gcc object
configure:6888: gcc -c -g -O2  conftest.c >&5
configure:6891: $? = 0
configure:6895: /usr/bin/nm -B conftest.o \| sed -n -e 's/^.*[ ]\([ABCDGIRSTW][ABCDGIRSTW]*\)[ ][ ]*\([_A-Za-z][_A-Za-z0-9]*\)$/\1 \2 \2/p' | sed '/ __gnu_lto/d' \> conftest.nm
configure:6898: $? = 0
configure:6964: gcc -o conftest -g -O2   conftest.c conftstm.o >&5
configure:6967: $? = 0
configure:7005: result: ok
configure:7042: checking for sysroot
configure:7072: result: no
configure:7149: gcc -c -g -O2  conftest.c >&5
configure:7152: $? = 0
configure:7334: checking for mt
configure:7364: result: no
configure:7384: checking if : is a manifest tool
configure:7390: : '-?'
configure:7398: result: no
configure:8035: checking for ANSI C header files
configure:8055: gcc -c -g -O2  conftest.c >&5
configure:8055: $? = 0
configure:8128: gcc -o conftest -g -O2   conftest.c  >&5
configure:8128: $? = 0
configure:8128: ./conftest
configure:8128: $? = 0
configure:8139: result: yes
configure:8152: checking for sys/types.h
configure:8152: gcc -c -g -O2  conftest.c >&5
configure:8152: $? = 0
configure:8152: result: yes
configure:8152: checking for sys/stat.h
configure:8152: gcc -c -g -O2  conftest.c >&5
configure:8152: $? = 0
configure:8152: result: yes
configure:8152: checking for stdlib.h
configure:8152: gcc -c -g -O2  conftest.c >&5
configure:8152: $? = 0
configure:8152: result: yes
configure:8152: checking for string.h
configure:8152: gcc -c -g -O2  conftest.c >&5
configure:8152: $? = 0
configure:8152: result: yes
configure:8152: checking for memory.h
configure:8152: gcc -c -g -O2  conftest.c >&5
configure:8152: $? = 0
configure:8152: result: yes
configure:8152: checking for strings.h
configure:8152: gcc -c -g -O2  conftest.c >&5
configure:8152: $? = 0
configure:8152: result: yes
configure:8152: checking for inttypes.h
configure:8152: gcc -c -g -O2  conftest.c >&5
configure:8152: $? = 0
configure:8152: result: yes
configure:8152: checking for stdint.h
configure:8152: gcc -c -g -O2  conftest.c >&5
configure:8152: $? = 0
configure:8152: result: yes
configure:8152: checking for unistd.h
configure:8152: gcc -c -g -O2  conftest.c >&5
configure:8152: $? = 0
configure:8152: result: yes
configure:8166: checking for dlfcn.h
configure:8166: gcc -c -g -O2  conftest.c >&5
configure:8166: $? = 0
configure:8166: result: yes
configure:8383: checking for objdir
configure:8398: result: .libs
configure:8665: checking if gcc supports -fno-rtti -fno-exceptions
configure:8683: gcc -c -g -O2  -fno-rtti -fno-exceptions conftest.c >&5
cc1: warning: command line option '-fno-rtti' is valid for C++/ObjC++ but not for C [enabled by default]
cc1: warning: command line option '-fno-rtti' is valid for C++/ObjC++ but not for C [enabled by default]
configure:8687: $? = 0
configure:8700: result: no
configure:9027: checking for gcc option to produce PIC
configure:9034: result: -fPIC -DPIC
configure:9042: checking if gcc PIC flag -fPIC -DPIC works
configure:9060: gcc -c -g -O2  -fPIC -DPIC -DPIC conftest.c >&5
configure:9064: $? = 0
configure:9077: result: yes
configure:9106: checking if gcc static flag -static works
configure:9134: result: no
configure:9149: checking if gcc supports -c -o file.o
configure:9170: gcc -c -g -O2  -o out/conftest2.o conftest.c >&5
configure:9174: $? = 0
configure:9196: result: yes
configure:9204: checking if gcc supports -c -o file.o
configure:9251: result: yes
configure:9284: checking whether the gcc linker (/usr/bin/ld -m elf_x86_64) supports shared libraries
configure:10437: result: yes
configure:10677: checking dynamic linker characteristics
configure:11188: gcc -o conftest -g -O2   -Wl,-rpath -Wl,/foo conftest.c  >&5
configure:11188: $? = 0
configure:11414: result: GNU/Linux ld.so
configure:11521: checking how to hardcode library paths into programs
configure:11546: result: immediate
configure:12086: checking whether stripping libraries is possible
configure:12091: result: yes
configure:12126: checking if libtool supports shared libraries
configure:12128: result: yes
configure:12131: checking whether to build shared libraries
configure:12152: result: no
configure:12155: checking whether to build static libraries
configure:12159: result: yes
configure:12182: checking how to run the C++ preprocessor
configure:12209: g++ -E  conftest.cpp
configure:12209: $? = 0
configure:12223: g++ -E  conftest.cpp
conftest.cpp:23:28: fatal error: ac_nonexistent.h: No such file or directory
 #include <ac_nonexistent.h>
                            ^
compilation terminated.
configure:12223: $? = 1
configure: failed program was:
| /* confdefs.h */
| #define PACKAGE_NAME ""
| #define PACKAGE_TARNAME ""
| #define PACKAGE_VERSION ""
| #define PACKAGE_STRING ""
| #define PACKAGE_BUGREPORT ""
| #define PACKAGE_URL ""
| #define PACKAGE "g722_1"
| #define VERSION "0.0.1"
| #define STDC_HEADERS 1
| #define HAVE_SYS_TYPES_H 1
| #define HAVE_SYS_STAT_H 1
| #define HAVE_STDLIB_H 1
| #define HAVE_STRING_H 1
| #define HAVE_MEMORY_H 1
| #define HAVE_STRINGS_H 1
| #define HAVE_INTTYPES_H 1
| #define HAVE_STDINT_H 1
| #define HAVE_UNISTD_H 1
| #define HAVE_DLFCN_H 1
| #define LT_OBJDIR ".libs/"
| /* end confdefs.h.  */
| #include <ac_nonexistent.h>
configure:12248: result: g++ -E
configure:12268: g++ -E  conftest.cpp
configure:12268: $? = 0
configure:12282: g++ -E  conftest.cpp
conftest.cpp:23:28: fatal error: ac_nonexistent.h: No such file or directory
 #include <ac_nonexistent.h>
                            ^
compilation terminated.
configure:12282: $? = 1
configure: failed program was:
| /* confdefs.h */
| #define PACKAGE_NAME ""
| #define PACKAGE_TARNAME ""
| #define PACKAGE_VERSION ""
| #define PACKAGE_STRING ""
| #define PACKAGE_BUGREPORT ""
| #define PACKAGE_URL ""
| #define PACKAGE "g722_1"
| #define VERSION "0.0.1"
| #define STDC_HEADERS 1
| #define HAVE_SYS_TYPES_H 1
| #define HAVE_SYS_STAT_H 1
| #define HAVE_STDLIB_H 1
| #define HAVE_STRING_H 1
| #define HAVE_MEMORY_H 1
| #define HAVE_STRINGS_H 1
| #define HAVE_INTTYPES_H 1
| #define HAVE_STDINT_H 1
| #define HAVE_UNISTD_H 1
| #define HAVE_DLFCN_H 1
| #define LT_OBJDIR ".libs/"
| /* end confdefs.h.  */
| #include <ac_nonexistent.h>
configure:12451: checking for ld used by g++
configure:12518: result: /usr/bin/ld -m elf_x86_64
configure:12525: checking if the linker (/usr/bin/ld -m elf_x86_64) is GNU ld
configure:12540: result: yes
configure:12595: checking whether the g++ linker (/usr/bin/ld -m elf_x86_64) supports shared libraries
configure:13600: result: yes
configure:13636: g++ -c -g -O2  conftest.cpp >&5
configure:13639: $? = 0
configure:14159: checking for g++ option to produce PIC
configure:14166: result: -fPIC -DPIC
configure:14174: checking if g++ PIC flag -fPIC -DPIC works
configure:14192: g++ -c -g -O2  -fPIC -DPIC -DPIC conftest.cpp >&5
configure:14196: $? = 0
configure:14209: result: yes
configure:14232: checking if g++ static flag -static works
configure:14260: result: no
configure:14272: checking if g++ supports -c -o file.o
configure:14293: g++ -c -g -O2  -o out/conftest2.o conftest.cpp >&5
configure:14297: $? = 0
configure:14319: result: yes
configure:14324: checking if g++ supports -c -o file.o
configure:14371: result: yes
configure:14401: checking whether the g++ linker (/usr/bin/ld -m elf_x86_64) supports shared libraries
configure:14437: result: yes
configure:14578: checking dynamic linker characteristics
configure:15249: result: GNU/Linux ld.so
configure:15302: checking how to hardcode library paths into programs
configure:15327: result: immediate
configure:15396: checking for C compiler vendor
configure:15420: gcc -c -g -O2  conftest.c >&5
conftest.c: In function 'main':
conftest.c:29:7: error: 'thisisanerror' undeclared (first use in this function)
       thisisanerror;
       ^
conftest.c:29:7: note: each undeclared identifier is reported only once for each function it appears in
configure:15420: $? = 1
configure: failed program was:
| /* confdefs.h */
| #define PACKAGE_NAME ""
| #define PACKAGE_TARNAME ""
| #define PACKAGE_VERSION ""
| #define PACKAGE_STRING ""
| #define PACKAGE_BUGREPORT ""
| #define PACKAGE_URL ""
| #define PACKAGE "g722_1"
| #define VERSION "0.0.1"
| #define STDC_HEADERS 1
| #define HAVE_SYS_TYPES_H 1
| #define HAVE_SYS_STAT_H 1
| #define HAVE_STDLIB_H 1
| #define HAVE_STRING_H 1
| #define HAVE_MEMORY_H 1
| #define HAVE_STRINGS_H 1
| #define HAVE_INTTYPES_H 1
| #define HAVE_STDINT_H 1
| #define HAVE_UNISTD_H 1
| #define HAVE_DLFCN_H 1
| #define LT_OBJDIR ".libs/"
| /* end confdefs.h.  */
| 
| int
| main ()
| {
| 
| #if !(defined(__ICC) || defined(__ECC) || defined(__INTEL_COMPILER))
|       thisisanerror;
| #endif
| 
|   ;
|   return 0;
| }
configure:15420: gcc -c -g -O2  conftest.c >&5
conftest.c: In function 'main':
conftest.c:29:7: error: 'thisisanerror' undeclared (first use in this function)
       thisisanerror;
       ^
conftest.c:29:7: note: each undeclared identifier is reported only once for each function it appears in
configure:15420: $? = 1
configure: failed program was:
| /* confdefs.h */
| #define PACKAGE_NAME ""
| #define PACKAGE_TARNAME ""
| #define PACKAGE_VERSION ""
| #define PACKAGE_STRING ""
| #define PACKAGE_BUGREPORT ""
| #define PACKAGE_URL ""
| #define PACKAGE "g722_1"
| #define VERSION "0.0.1"
| #define STDC_HEADERS 1
| #define HAVE_SYS_TYPES_H 1
| #define HAVE_SYS_STAT_H 1
| #define HAVE_STDLIB_H 1
| #define HAVE_STRING_H 1
| #define HAVE_MEMORY_H 1
| #define HAVE_STRINGS_H 1
| #define HAVE_INTTYPES_H 1
| #define HAVE_STDINT_H 1
| #define HAVE_UNISTD_H 1
| #define HAVE_DLFCN_H 1
| #define LT_OBJDIR ".libs/"
| /* end confdefs.h.  */
| 
| int
| main ()
| {
| 
| #if !(defined(__xlc__) || defined(__xlC__) || defined(__IBMC__) || defined(__IBMCPP__))
|       thisisanerror;
| #endif
| 
|   ;
|   return 0;
| }
configure:15420: gcc -c -g -O2  conftest.c >&5
conftest.c: In function 'main':
conftest.c:29:7: error: 'thisisanerror' undeclared (first use in this function)
       thisisanerror;
       ^
conftest.c:29:7: note: each undeclared identifier is reported only once for each function it appears in
configure:15420: $? = 1
configure: failed program was:
| /* confdefs.h */
| #define PACKAGE_NAME ""
| #define PACKAGE_TARNAME ""
| #define PACKAGE_VERSION ""
| #define PACKAGE_STRING ""
| #define PACKAGE_BUGREPORT ""
| #define PACKAGE_URL ""
| #define PACKAGE "g722_1"
| #define VERSION "0.0.1"
| #define STDC_HEADERS 1
| #define HAVE_SYS_TYPES_H 1
| #define HAVE_SYS_STAT_H 1
| #define HAVE_STDLIB_H 1
| #define HAVE_STRING_H 1
| #define HAVE_MEMORY_H 1
| #define HAVE_STRINGS_H 1
| #define HAVE_INTTYPES_H 1
| #define HAVE_STDINT_H 1
| #define HAVE_UNISTD_H 1
| #define HAVE_DLFCN_H 1
| #define LT_OBJDIR ".libs/"
| /* end confdefs.h.  */
| 
| int
| main ()
| {
| 
| #if !(defined(__PATHCC__) || defined(__PATHSCALE__))
|       thisisanerror;
| #endif
| 
|   ;
|   return 0;
| }
configure:15420: gcc -c -g -O2  conftest.c >&5
configure:15420: $? = 0
configure:15427: result: gnu
configure:15500: checking for gcc
configure:15527: result: gcc
configure:15756: checking for C compiler version
configure:15765: gcc --version >&5
gcc (GCC) 4.8.2 20131017 (Red Hat 4.8.2-1)
Copyright (C) 2013 Free Software Foundation, Inc.
This is free software; see the source for copying conditions.  There is NO
warranty; not even for MERCHANTABILITY or FITNESS FOR A PARTICULAR PURPOSE.

configure:15776: $? = 0
configure:15765: gcc -v >&5
Using built-in specs.
COLLECT_GCC=/usr/bin/gcc
COLLECT_LTO_WRAPPER=/usr/libexec/gcc/x86_64-redhat-linux/4.8.2/lto-wrapper
Target: x86_64-redhat-linux
Configured with: ../configure --prefix=/usr --mandir=/usr/share/man --infodir=/usr/share/info --with-bugurl=http://bugzilla.redhat.com/bugzilla --enable-bootstrap --enable-shared --enable-threads=posix --enable-checking=release --with-system-zlib --enable-__cxa_atexit --disable-libunwind-exceptions --enable-gnu-unique-object --enable-linker-build-id --with-linker-hash-style=gnu --enable-languages=c,c++,objc,obj-c++,java,fortran,ada,go,lto --enable-plugin --enable-initfini-array --enable-java-awt=gtk --disable-dssi --with-java-home=/usr/lib/jvm/java-1.5.0-gcj-1.5.0.0/jre --enable-libgcj-multifile --enable-java-maintainer-mode --with-ecj-jar=/usr/share/java/eclipse-ecj.jar --disable-libjava-multilib --with-isl=/builddir/build/BUILD/gcc-4.8.2-20131017/obj-x86_64-redhat-linux/isl-install --with-cloog=/builddir/build/BUILD/gcc-4.8.2-20131017/obj-x86_64-redhat-linux/cloog-install --with-tune=generic --with-arch_32=i686 --build=x86_64-redhat-linux
Thread model: posix
gcc version 4.8.2 20131017 (Red Hat 4.8.2-1) (GCC) 
configure:15776: $? = 0
configure:15765: gcc -V >&5
gcc: error: unrecognized command line option '-V'
gcc: fatal error: no input files
compilation terminated.
configure:15776: $? = 4
configure:15765: gcc -qversion >&5
gcc: error: unrecognized command line option '-qversion'
gcc: fatal error: no input files
compilation terminated.
configure:15776: $? = 4
configure:15780: checking whether we are using the GNU C compiler
configure:15808: result: yes
configure:15817: checking whether gcc accepts -g
configure:15878: result: yes
configure:15895: checking for gcc option to accept ISO C89
configure:15971: result: none needed
configure:15993: checking dependency style of gcc
configure:16104: result: gcc3
configure:16148: checking for an ANSI C-conforming const
configure:16214: gcc -c -g -O2  conftest.c >&5
configure:16214: $? = 0
configure:16221: result: yes
configure:16229: checking for inline
configure:16245: gcc -c -g -O2  conftest.c >&5
configure:16245: $? = 0
configure:16253: result: inline
configure:16271: checking for working volatile
configure:16290: gcc -c -g -O2  conftest.c >&5
configure:16290: $? = 0
configure:16297: result: yes
configure:16306: checking for long long
configure:16306: gcc -c -g -O2  conftest.c >&5
configure:16306: $? = 0
configure:16306: gcc -c -g -O2  conftest.c >&5
conftest.c: In function 'main':
conftest.c:59:24: error: expected expression before ')' token
 if (sizeof ((long long)))
                        ^
configure:16306: $? = 1
configure: failed program was:
| /* confdefs.h */
| #define PACKAGE_NAME ""
| #define PACKAGE_TARNAME ""
| #define PACKAGE_VERSION ""
| #define PACKAGE_STRING ""
| #define PACKAGE_BUGREPORT ""
| #define PACKAGE_URL ""
| #define PACKAGE "g722_1"
| #define VERSION "0.0.1"
| #define STDC_HEADERS 1
| #define HAVE_SYS_TYPES_H 1
| #define HAVE_SYS_STAT_H 1
| #define HAVE_STDLIB_H 1
| #define HAVE_STRING_H 1
| #define HAVE_MEMORY_H 1
| #define HAVE_STRINGS_H 1
| #define HAVE_INTTYPES_H 1
| #define HAVE_STDINT_H 1
| #define HAVE_UNISTD_H 1
| #define HAVE_DLFCN_H 1
| #define LT_OBJDIR ".libs/"
| /* end confdefs.h.  */
| #include <stdio.h>
| #ifdef HAVE_SYS_TYPES_H
| # include <sys/types.h>
| #endif
| #ifdef HAVE_SYS_STAT_H
| # include <sys/stat.h>
| #endif
| #ifdef STDC_HEADERS
| # include <stdlib.h>
| # include <stddef.h>
| #else
| # ifdef HAVE_STDLIB_H
| #  include <stdlib.h>
| # endif
| #endif
| #ifdef HAVE_STRING_H
| # if !defined STDC_HEADERS && defined HAVE_MEMORY_H
| #  include <memory.h>
| # endif
| # include <string.h>
| #endif
| #ifdef HAVE_STRINGS_H
| # include <strings.h>
| #endif
| #ifdef HAVE_INTTYPES_H
| # include <inttypes.h>
| #endif
| #ifdef HAVE_STDINT_H
| # include <stdint.h>
| #endif
| #ifdef HAVE_UNISTD_H
| # include <unistd.h>
| #endif
| int
| main ()
| {
| if (sizeof ((long long)))
| 	    return 0;
|   ;
|   return 0;
| }
configure:16306: result: yes
configure:16316: checking for long double
configure:16316: gcc -c -g -O2  conftest.c >&5
configure:16316: $? = 0
configure:16316: gcc -c -g -O2  conftest.c >&5
conftest.c: In function 'main':
conftest.c:60:26: error: expected expression before ')' token
 if (sizeof ((long double)))
                          ^
configure:16316: $? = 1
configure: failed program was:
| /* confdefs.h */
| #define PACKAGE_NAME ""
| #define PACKAGE_TARNAME ""
| #define PACKAGE_VERSION ""
| #define PACKAGE_STRING ""
| #define PACKAGE_BUGREPORT ""
| #define PACKAGE_URL ""
| #define PACKAGE "g722_1"
| #define VERSION "0.0.1"
| #define STDC_HEADERS 1
| #define HAVE_SYS_TYPES_H 1
| #define HAVE_SYS_STAT_H 1
| #define HAVE_STDLIB_H 1
| #define HAVE_STRING_H 1
| #define HAVE_MEMORY_H 1
| #define HAVE_STRINGS_H 1
| #define HAVE_INTTYPES_H 1
| #define HAVE_STDINT_H 1
| #define HAVE_UNISTD_H 1
| #define HAVE_DLFCN_H 1
| #define LT_OBJDIR ".libs/"
| #define HAVE_LONG_LONG 1
| /* end confdefs.h.  */
| #include <stdio.h>
| #ifdef HAVE_SYS_TYPES_H
| # include <sys/types.h>
| #endif
| #ifdef HAVE_SYS_STAT_H
| # include <sys/stat.h>
| #endif
| #ifdef STDC_HEADERS
| # include <stdlib.h>
| # include <stddef.h>
| #else
| # ifdef HAVE_STDLIB_H
| #  include <stdlib.h>
| # endif
| #endif
| #ifdef HAVE_STRING_H
| # if !defined STDC_HEADERS && defined HAVE_MEMORY_H
| #  include <memory.h>
| # endif
| # include <string.h>
| #endif
| #ifdef HAVE_STRINGS_H
| # include <strings.h>
| #endif
| #ifdef HAVE_INTTYPES_H
| # include <inttypes.h>
| #endif
| #ifdef HAVE_STDINT_H
| # include <stdint.h>
| #endif
| #ifdef HAVE_UNISTD_H
| # include <unistd.h>
| #endif
| int
| main ()
| {
| if (sizeof ((long double)))
| 	    return 0;
|   ;
|   return 0;
| }
configure:16316: result: yes
configure:16327: checking return type of signal handlers
configure:16345: gcc -c -g -O2  conftest.c >&5
conftest.c: In function 'main':
conftest.c:31:1: error: void value not ignored as it ought to be
 return *(signal (0, 0)) (0) == 1;
 ^
configure:16345: $? = 1
configure: failed program was:
| /* confdefs.h */
| #define PACKAGE_NAME ""
| #define PACKAGE_TARNAME ""
| #define PACKAGE_VERSION ""
| #define PACKAGE_STRING ""
| #define PACKAGE_BUGREPORT ""
| #define PACKAGE_URL ""
| #define PACKAGE "g722_1"
| #define VERSION "0.0.1"
| #define STDC_HEADERS 1
| #define HAVE_SYS_TYPES_H 1
| #define HAVE_SYS_STAT_H 1
| #define HAVE_STDLIB_H 1
| #define HAVE_STRING_H 1
| #define HAVE_MEMORY_H 1
| #define HAVE_STRINGS_H 1
| #define HAVE_INTTYPES_H 1
| #define HAVE_STDINT_H 1
| #define HAVE_UNISTD_H 1
| #define HAVE_DLFCN_H 1
| #define LT_OBJDIR ".libs/"
| #define HAVE_LONG_LONG 1
| #define HAVE_LONG_DOUBLE 1
| /* end confdefs.h.  */
| #include <sys/types.h>
| #include <signal.h>
| 
| int
| main ()
| {
| return *(signal (0, 0)) (0) == 1;
|   ;
|   return 0;
| }
configure:16352: result: void
configure:16422: checking for error_at_line
configure:16438: gcc -o conftest -g -O2   conftest.c  >&5
configure:16438: $? = 0
configure:16446: result: yes
configure:16459: checking for vprintf
configure:16459: gcc -o conftest -g -O2   conftest.c  >&5
conftest.c:49:6: warning: conflicting types for built-in function 'vprintf' [enabled by default]
 char vprintf ();
      ^
configure:16459: $? = 0
configure:16459: result: yes
configure:16465: checking for _doprnt
configure:16465: gcc -o conftest -g -O2   conftest.c  >&5
/tmp/ccBiD5sW.o: In function `main':
/home/robertj/freeswitch/libs/libg722_1/conftest.c:61: undefined reference to `_doprnt'
collect2: error: ld returned 1 exit status
configure:16465: $? = 1
configure: failed program was:
| /* confdefs.h */
| #define PACKAGE_NAME ""
| #define PACKAGE_TARNAME ""
| #define PACKAGE_VERSION ""
| #define PACKAGE_STRING ""
| #define PACKAGE_BUGREPORT ""
| #define PACKAGE_URL ""
| #define PACKAGE "g722_1"
| #define VERSION "0.0.1"
| #define STDC_HEADERS 1
| #define HAVE_SYS_TYPES_H 1
| #define HAVE_SYS_STAT_H 1
| #define HAVE_STDLIB_H 1
| #define HAVE_STRING_H 1
| #define HAVE_MEMORY_H 1
| #define HAVE_STRINGS_H 1
| #define HAVE_INTTYPES_H 1
| #define HAVE_STDINT_H 1
| #define HAVE_UNISTD_H 1
| #define HAVE_DLFCN_H 1
| #define LT_OBJDIR ".libs/"
| #define HAVE_LONG_LONG 1
| #define HAVE_LONG_DOUBLE 1
| #define RETSIGTYPE void
| #define HAVE_VPRINTF 1
| /* end confdefs.h.  */
| /* Define _doprnt to an innocuous variant, in case <limits.h> declares _doprnt.
|    For example, HP-UX 11i <limits.h> declares gettimeofday.  */
| #define _doprnt innocuous__doprnt
| 
| /* System header to define __stub macros and hopefully few prototypes,
|     which can conflict with char _doprnt (); below.
|     Prefer <limits.h> to <assert.h> if __STDC__ is defined, since
|     <limits.h> exists even on freestanding compilers.  */
| 
| #ifdef __STDC__
| # include <limits.h>
| #else
| # include <assert.h>
| #endif
| 
| #undef _doprnt
| 
| /* Override any GCC internal prototype to avoid an error.
|    Use char because int might match the return type of a GCC
|    builtin and then its argument prototype would still apply.  */
| #ifdef __cplusplus
| extern "C"
| #endif
| char _doprnt ();
| /* The GNU C library defines this for functions which it implements
|     to always fail with ENOSYS.  Some functions are actually named
|     something starting with __ and the normal name is an alias.  */
| #if defined __stub__doprnt || defined __stub____doprnt
| choke me
| #endif
| 
| int
| main ()
| {
| return _doprnt ();
|   ;
|   return 0;
| }
configure:16465: result: no
configure:16478: checking for stdlib.h
configure:16478: result: yes
configure:16488: checking for GNU libc compatible malloc
configure:16512: gcc -o conftest -g -O2   conftest.c  >&5
configure:16512: $? = 0
configure:16512: ./conftest
configure:16512: $? = 0
configure:16522: result: yes
configure:16543: checking for working memcmp
configure:16586: gcc -o conftest -g -O2   conftest.c  >&5
configure:16586: $? = 0
configure:16586: ./conftest
configure:16586: $? = 0
configure:16596: result: yes
configure:16607: checking for stdlib.h
configure:16607: result: yes
configure:16617: checking for GNU libc compatible realloc
configure:16641: gcc -o conftest -g -O2   conftest.c  >&5
configure:16641: $? = 0
configure:16641: ./conftest
configure:16641: $? = 0
configure:16651: result: yes
configure:16675: checking sys/select.h usability
configure:16675: gcc -c -g -O2  conftest.c >&5
configure:16675: $? = 0
configure:16675: result: yes
configure:16675: checking sys/select.h presence
configure:16675: gcc -E  conftest.c
configure:16675: $? = 0
configure:16675: result: yes
configure:16675: checking for sys/select.h
configure:16675: result: yes
configure:16675: checking sys/socket.h usability
configure:16675: gcc -c -g -O2  conftest.c >&5
configure:16675: $? = 0
configure:16675: result: yes
configure:16675: checking sys/socket.h presence
configure:16675: gcc -E  conftest.c
configure:16675: $? = 0
configure:16675: result: yes
configure:16675: checking for sys/socket.h
configure:16675: result: yes
configure:16685: checking types of arguments for select
configure:16713: gcc -c -g -O2  conftest.c >&5
configure:16713: $? = 0
configure:16724: result: int,fd_set *,struct timeval *
configure:16748: checking for lrint
configure:16774: gcc -o conftest -lm   conftest.c  >&5
configure:16774: $? = 0
configure:16786: result: yes
configure:16795: checking for lrintf
configure:16821: gcc -o conftest -lm   conftest.c  >&5
configure:16821: $? = 0
configure:16833: result: yes
configure:16842: checking for llrint
configure:16868: gcc -o conftest -lm   conftest.c  >&5
configure:16868: $? = 0
configure:16880: result: yes
configure:16889: checking for llrintf
configure:16915: gcc -o conftest -lm   conftest.c  >&5
configure:16915: $? = 0
configure:16927: result: yes
configure:16946: checking C99 struct flexible array support
configure:16972: gcc -o conftest -g -O2   conftest.c  >&5
configure:16972: $? = 0
configure:16981: result: yes
configure:16987: checking for memmove
configure:16987: gcc -o conftest -g -O2   conftest.c  >&5
conftest.c:63:6: warning: conflicting types for built-in function 'memmove' [enabled by default]
 char memmove ();
      ^
configure:16987: $? = 0
configure:16987: result: yes
configure:16998: checking for memset
configure:16998: gcc -o conftest -g -O2   conftest.c  >&5
conftest.c:64:6: warning: conflicting types for built-in function 'memset' [enabled by default]
 char memset ();
      ^
configure:16998: $? = 0
configure:16998: result: yes
configure:17009: checking for select
configure:17009: gcc -o conftest -g -O2   conftest.c  >&5
configure:17009: $? = 0
configure:17009: result: yes
configure:17020: checking for strcasecmp
configure:17020: gcc -o conftest -g -O2   conftest.c  >&5
conftest.c:66:6: warning: conflicting types for built-in function 'strcasecmp' [enabled by default]
 char strcasecmp ();
      ^
configure:17020: $? = 0
configure:17020: result: yes
configure:17031: checking for strchr
configure:17031: gcc -o conftest -g -O2   conftest.c  >&5
conftest.c:67:6: warning: conflicting types for built-in function 'strchr' [enabled by default]
 char strchr ();
      ^
configure:17031: $? = 0
configure:17031: result: yes
configure:17042: checking for strdup
configure:17042: gcc -o conftest -g -O2   conftest.c  >&5
conftest.c:68:6: warning: conflicting types for built-in function 'strdup' [enabled by default]
 char strdup ();
      ^
configure:17042: $? = 0
configure:17042: result: yes
configure:17053: checking for strerror
configure:17053: gcc -o conftest -g -O2   conftest.c  >&5
configure:17053: $? = 0
configure:17053: result: yes
configure:17064: checking for strstr
configure:17064: gcc -o conftest -g -O2   conftest.c  >&5
conftest.c:70:6: warning: conflicting types for built-in function 'strstr' [enabled by default]
 char strstr ();
      ^
configure:17064: $? = 0
configure:17064: result: yes
configure:17075: checking for strtol
configure:17075: gcc -o conftest -g -O2   conftest.c  >&5
configure:17075: $? = 0
configure:17075: result: yes
configure:17086: checking for gettimeofday
configure:17086: gcc -o conftest -g -O2   conftest.c  >&5
configure:17086: $? = 0
configure:17086: result: yes
configure:17096: checking for ANSI C header files
configure:17200: result: yes
configure:17208: checking for sys/wait.h that is POSIX.1 compatible
configure:17234: gcc -c -g -O2  conftest.c >&5
configure:17234: $? = 0
configure:17241: result: yes
configure:17249: checking whether time.h and sys/time.h may both be included
configure:17269: gcc -c -g -O2  conftest.c >&5
configure:17269: $? = 0
configure:17276: result: yes
configure:17288: checking socket.h usability
configure:17288: gcc -c -g -O2  conftest.c >&5
conftest.c:86:20: fatal error: socket.h: No such file or directory
 #include <socket.h>
                    ^
compilation terminated.
configure:17288: $? = 1
configure: failed program was:
| /* confdefs.h */
| #define PACKAGE_NAME ""
| #define PACKAGE_TARNAME ""
| #define PACKAGE_VERSION ""
| #define PACKAGE_STRING ""
| #define PACKAGE_BUGREPORT ""
| #define PACKAGE_URL ""
| #define PACKAGE "g722_1"
| #define VERSION "0.0.1"
| #define STDC_HEADERS 1
| #define HAVE_SYS_TYPES_H 1
| #define HAVE_SYS_STAT_H 1
| #define HAVE_STDLIB_H 1
| #define HAVE_STRING_H 1
| #define HAVE_MEMORY_H 1
| #define HAVE_STRINGS_H 1
| #define HAVE_INTTYPES_H 1
| #define HAVE_STDINT_H 1
| #define HAVE_UNISTD_H 1
| #define HAVE_DLFCN_H 1
| #define LT_OBJDIR ".libs/"
| #define HAVE_LONG_LONG 1
| #define HAVE_LONG_DOUBLE 1
| #define RETSIGTYPE void
| #define HAVE_VPRINTF 1
| #define HAVE_STDLIB_H 1
| #define HAVE_MALLOC 1
| #define HAVE_STDLIB_H 1
| #define HAVE_REALLOC 1
| #define HAVE_SYS_SELECT_H 1
| #define HAVE_SYS_SOCKET_H 1
| #define SELECT_TYPE_ARG1 int
| #define SELECT_TYPE_ARG234 (fd_set *)
| #define SELECT_TYPE_ARG5 (struct timeval *)
| #define HAVE_LRINT 1
| #define HAVE_LRINTF 1
| #define HAVE_LLRINT 1
| #define HAVE_LLRINTF 1
| #define HAVE_MEMMOVE 1
| #define HAVE_MEMSET 1
| #define HAVE_SELECT 1
| #define HAVE_STRCASECMP 1
| #define HAVE_STRCHR 1
| #define HAVE_STRDUP 1
| #define HAVE_STRERROR 1
| #define HAVE_STRSTR 1
| #define HAVE_STRTOL 1
| #define HAVE_GETTIMEOFDAY 1
| #define STDC_HEADERS 1
| #define HAVE_SYS_WAIT_H 1
| #define TIME_WITH_SYS_TIME 1
| /* end confdefs.h.  */
| #include <stdio.h>
| #ifdef HAVE_SYS_TYPES_H
| # include <sys/types.h>
| #endif
| #ifdef HAVE_SYS_STAT_H
| # include <sys/stat.h>
| #endif
| #ifdef STDC_HEADERS
| # include <stdlib.h>
| # include <stddef.h>
| #else
| # ifdef HAVE_STDLIB_H
| #  include <stdlib.h>
| # endif
| #endif
| #ifdef HAVE_STRING_H
| # if !defined STDC_HEADERS && defined HAVE_MEMORY_H
| #  include <memory.h>
| # endif
| # include <string.h>
| #endif
| #ifdef HAVE_STRINGS_H
| # include <strings.h>
| #endif
| #ifdef HAVE_INTTYPES_H
| # include <inttypes.h>
| #endif
| #ifdef HAVE_STDINT_H
| # include <stdint.h>
| #endif
| #ifdef HAVE_UNISTD_H
| # include <unistd.h>
| #endif
| #include <socket.h>
configure:17288: result: no
configure:17288: checking socket.h presence
configure:17288: gcc -E  conftest.c
conftest.c:53:20: fatal error: socket.h: No such file or directory
 #include <socket.h>
                    ^
compilation terminated.
configure:17288: $? = 1
configure: failed program was:
| /* confdefs.h */
| #define PACKAGE_NAME ""
| #define PACKAGE_TARNAME ""
| #define PACKAGE_VERSION ""
| #define PACKAGE_STRING ""
| #define PACKAGE_BUGREPORT ""
| #define PACKAGE_URL ""
| #define PACKAGE "g722_1"
| #define VERSION "0.0.1"
| #define STDC_HEADERS 1
| #define HAVE_SYS_TYPES_H 1
| #define HAVE_SYS_STAT_H 1
| #define HAVE_STDLIB_H 1
| #define HAVE_STRING_H 1
| #define HAVE_MEMORY_H 1
| #define HAVE_STRINGS_H 1
| #define HAVE_INTTYPES_H 1
| #define HAVE_STDINT_H 1
| #define HAVE_UNISTD_H 1
| #define HAVE_DLFCN_H 1
| #define LT_OBJDIR ".libs/"
| #define HAVE_LONG_LONG 1
| #define HAVE_LONG_DOUBLE 1
| #define RETSIGTYPE void
| #define HAVE_VPRINTF 1
| #define HAVE_STDLIB_H 1
| #define HAVE_MALLOC 1
| #define HAVE_STDLIB_H 1
| #define HAVE_REALLOC 1
| #define HAVE_SYS_SELECT_H 1
| #define HAVE_SYS_SOCKET_H 1
| #define SELECT_TYPE_ARG1 int
| #define SELECT_TYPE_ARG234 (fd_set *)
| #define SELECT_TYPE_ARG5 (struct timeval *)
| #define HAVE_LRINT 1
| #define HAVE_LRINTF 1
| #define HAVE_LLRINT 1
| #define HAVE_LLRINTF 1
| #define HAVE_MEMMOVE 1
| #define HAVE_MEMSET 1
| #define HAVE_SELECT 1
| #define HAVE_STRCASECMP 1
| #define HAVE_STRCHR 1
| #define HAVE_STRDUP 1
| #define HAVE_STRERROR 1
| #define HAVE_STRSTR 1
| #define HAVE_STRTOL 1
| #define HAVE_GETTIMEOFDAY 1
| #define STDC_HEADERS 1
| #define HAVE_SYS_WAIT_H 1
| #define TIME_WITH_SYS_TIME 1
| /* end confdefs.h.  */
| #include <socket.h>
configure:17288: result: no
configure:17288: checking for socket.h
configure:17288: result: no
configure:17300: checking for inttypes.h
configure:17300: result: yes
configure:17312: checking for stdint.h
configure:17312: result: yes
configure:17324: checking for unistd.h
configure:17324: result: yes
configure:17336: checking for stdlib.h
configure:17336: result: yes
configure:17348: checking for string.h
configure:17348: result: yes
configure:17360: checking for strings.h
configure:17360: result: yes
configure:17372: checking malloc.h usability
configure:17372: gcc -c -g -O2  conftest.c >&5
configure:17372: $? = 0
configure:17372: result: yes
configure:17372: checking malloc.h presence
configure:17372: gcc -E  conftest.c
configure:17372: $? = 0
configure:17372: result: yes
configure:17372: checking for malloc.h
configure:17372: result: yes
configure:17384: checking tgmath.h usability
configure:17384: gcc -c -g -O2  conftest.c >&5
configure:17384: $? = 0
configure:17384: result: yes
configure:17384: checking tgmath.h presence
configure:17384: gcc -E  conftest.c
configure:17384: $? = 0
configure:17384: result: yes
configure:17384: checking for tgmath.h
configure:17384: result: yes
configure:17396: checking math.h usability
configure:17396: gcc -c -g -O2  conftest.c >&5
configure:17396: $? = 0
configure:17396: result: yes
configure:17396: checking math.h presence
configure:17396: gcc -E  conftest.c
configure:17396: $? = 0
configure:17396: result: yes
configure:17396: checking for math.h
configure:17396: result: yes
configure:17408: checking float.h usability
configure:17408: gcc -c -g -O2  conftest.c >&5
configure:17408: $? = 0
configure:17408: result: yes
configure:17408: checking float.h presence
configure:17408: gcc -E  conftest.c
configure:17408: $? = 0
configure:17408: result: yes
configure:17408: checking for float.h
configure:17408: result: yes
configure:17420: checking fcntl.h usability
configure:17420: gcc -c -g -O2  conftest.c >&5
configure:17420: $? = 0
configure:17420: result: yes
configure:17420: checking fcntl.h presence
configure:17420: gcc -E  conftest.c
configure:17420: $? = 0
configure:17420: result: yes
configure:17420: checking for fcntl.h
configure:17420: result: yes
configure:17432: checking sys/time.h usability
configure:17432: gcc -c -g -O2  conftest.c >&5
configure:17432: $? = 0
configure:17432: result: yes
configure:17432: checking sys/time.h presence
configure:17432: gcc -E  conftest.c
configure:17432: $? = 0
configure:17432: result: yes
configure:17432: checking for sys/time.h
configure:17432: result: yes
configure:17444: checking for sys/select.h
configure:17444: result: yes
configure:17456: checking sys/ioctl.h usability
configure:17456: gcc -c -g -O2  conftest.c >&5
configure:17456: $? = 0
configure:17456: result: yes
configure:17456: checking sys/ioctl.h presence
configure:17456: gcc -E  conftest.c
configure:17456: $? = 0
configure:17456: result: yes
configure:17456: checking for sys/ioctl.h
configure:17456: result: yes
configure:17468: checking sys/fcntl.h usability
configure:17468: gcc -c -g -O2  conftest.c >&5
configure:17468: $? = 0
configure:17468: result: yes
configure:17468: checking sys/fcntl.h presence
configure:17468: gcc -E  conftest.c
configure:17468: $? = 0
configure:17468: result: yes
configure:17468: checking for sys/fcntl.h
configure:17468: result: yes
configure:17480: checking audiofile.h usability
configure:17480: gcc -c -g -O2  conftest.c >&5
configure:17480: $? = 0
configure:17480: result: yes
configure:17480: checking audiofile.h presence
configure:17480: gcc -E  conftest.c
configure:17480: $? = 0
configure:17480: result: yes
configure:17480: checking for audiofile.h
configure:17480: result: yes
configure:17503: checking for /usr/local/freeswitch/lib64
configure:17523: result: no
configure:17533: checking for cos in -lm
configure:17558: gcc -o conftest -g -O2   conftest.c -lm   >&5
conftest.c:76:6: warning: conflicting types for built-in function 'cos' [enabled by default]
 char cos ();
      ^
configure:17558: $? = 0
configure:17567: result: yes
configure:17579: checking for library containing sinf
configure:17610: gcc -o conftest -g -O2   conftest.c -lm  >&5
conftest.c:77:6: warning: conflicting types for built-in function 'sinf' [enabled by default]
 char sinf ();
      ^
configure:17610: $? = 0
configure:17627: result: none required
configure:17637: checking for library containing cosf
configure:17668: gcc -o conftest -g -O2   conftest.c -lm  >&5
conftest.c:78:6: warning: conflicting types for built-in function 'cosf' [enabled by default]
 char cosf ();
      ^
configure:17668: $? = 0
configure:17685: result: none required
configure:17695: checking for library containing tanf
configure:17726: gcc -o conftest -g -O2   conftest.c -lm  >&5
conftest.c:79:6: warning: conflicting types for built-in function 'tanf' [enabled by default]
 char tanf ();
      ^
configure:17726: $? = 0
configure:17743: result: none required
configure:17753: checking for library containing asinf
configure:17784: gcc -o conftest -g -O2   conftest.c -lm  >&5
conftest.c:80:6: warning: conflicting types for built-in function 'asinf' [enabled by default]
 char asinf ();
      ^
configure:17784: $? = 0
configure:17801: result: none required
configure:17811: checking for library containing acosf
configure:17842: gcc -o conftest -g -O2   conftest.c -lm  >&5
conftest.c:81:6: warning: conflicting types for built-in function 'acosf' [enabled by default]
 char acosf ();
      ^
configure:17842: $? = 0
configure:17859: result: none required
configure:17869: checking for library containing atanf
configure:17900: gcc -o conftest -g -O2   conftest.c -lm  >&5
conftest.c:82:6: warning: conflicting types for built-in function 'atanf' [enabled by default]
 char atanf ();
      ^
configure:17900: $? = 0
configure:17917: result: none required
configure:17927: checking for library containing atan2f
configure:17958: gcc -o conftest -g -O2   conftest.c -lm  >&5
conftest.c:83:6: warning: conflicting types for built-in function 'atan2f' [enabled by default]
 char atan2f ();
      ^
configure:17958: $? = 0
configure:17975: result: none required
configure:17985: checking for library containing ceilf
configure:18016: gcc -o conftest -g -O2   conftest.c -lm  >&5
conftest.c:84:6: warning: conflicting types for built-in function 'ceilf' [enabled by default]
 char ceilf ();
      ^
configure:18016: $? = 0
configure:18033: result: none required
configure:18043: checking for library containing floorf
configure:18074: gcc -o conftest -g -O2   conftest.c -lm  >&5
conftest.c:85:6: warning: conflicting types for built-in function 'floorf' [enabled by default]
 char floorf ();
      ^
configure:18074: $? = 0
configure:18091: result: none required
configure:18101: checking for library containing powf
configure:18132: gcc -o conftest -g -O2   conftest.c -lm  >&5
conftest.c:86:6: warning: conflicting types for built-in function 'powf' [enabled by default]
 char powf ();
      ^
configure:18132: $? = 0
configure:18149: result: none required
configure:18159: checking for library containing expf
configure:18190: gcc -o conftest -g -O2   conftest.c -lm  >&5
conftest.c:87:6: warning: conflicting types for built-in function 'expf' [enabled by default]
 char expf ();
      ^
configure:18190: $? = 0
configure:18207: result: none required
configure:18217: checking for library containing logf
configure:18248: gcc -o conftest -g -O2   conftest.c -lm  >&5
conftest.c:88:6: warning: conflicting types for built-in function 'logf' [enabled by default]
 char logf ();
      ^
configure:18248: $? = 0
configure:18265: result: none required
configure:18275: checking for library containing log10f
configure:18306: gcc -o conftest -g -O2   conftest.c -lm  >&5
conftest.c:89:6: warning: conflicting types for built-in function 'log10f' [enabled by default]
 char log10f ();
      ^
configure:18306: $? = 0
configure:18323: result: none required
configure:18549: checking if x86_64-unknown-linux-gnu is fixed point only
configure:18573: result: no
configure:18586: checking if x86_64-unknown-linux-gnu fails on misaligned memory access
configure:18608: result: no
configure:18793: checking that generated files are newer than configure
configure:18799: result: done
configure:18874: creating ./config.status

## ---------------------- ##
## Running config.status. ##
## ---------------------- ##

This file was extended by config.status, which was
generated by GNU Autoconf 2.69.  Invocation command line was

  CONFIG_FILES    = 
  CONFIG_HEADERS  = 
  CONFIG_LINKS    = 
  CONFIG_COMMANDS = 
  $ ./config.status 

on greebo.voxlucida.com.au

config.status:1248: creating Makefile
config.status:1248: creating doc/Makefile
config.status:1248: creating test-data/Makefile
config.status:1248: creating test-data/local/Makefile
config.status:1248: creating test-data/itu/Makefile
config.status:1248: creating src/Makefile
config.status:1248: creating src/g722_1.h
config.status:1248: creating tests/Makefile
config.status:1248: creating g722_1.pc
config.status:1248: creating g722_1.spec
config.status:1248: creating tests/regression_tests.sh
config.status:1248: creating src/config.h
config.status:1429: src/config.h is unchanged
config.status:1477: executing depfiles commands
config.status:1477: executing libtool commands

## ---------------- ##
## Cache variables. ##
## ---------------- ##

ac_cv_build=x86_64-unknown-linux-gnu
ac_cv_c99_flexible_array=yes
ac_cv_c99_llrint=yes
ac_cv_c99_llrintf=yes
ac_cv_c99_lrint=yes
ac_cv_c99_lrintf=yes
ac_cv_c_compiler_gnu=yes
ac_cv_c_const=yes
ac_cv_c_inline=inline
ac_cv_c_volatile=yes
ac_cv_cxx_compiler_gnu=yes
ac_cv_env_CCC_set=
ac_cv_env_CCC_value=
ac_cv_env_CC_set=
ac_cv_env_CC_value=
ac_cv_env_CFLAGS_set=
ac_cv_env_CFLAGS_value=
ac_cv_env_CPPFLAGS_set=
ac_cv_env_CPPFLAGS_value=
ac_cv_env_CPP_set=
ac_cv_env_CPP_value=
ac_cv_env_CXXCPP_set=
ac_cv_env_CXXCPP_value=
ac_cv_env_CXXFLAGS_set=
ac_cv_env_CXXFLAGS_value=
ac_cv_env_CXX_set=
ac_cv_env_CXX_value=
ac_cv_env_LDFLAGS_set=
ac_cv_env_LDFLAGS_value=
ac_cv_env_LIBS_set=
ac_cv_env_LIBS_value=
ac_cv_env_build_alias_set=
ac_cv_env_build_alias_value=
ac_cv_env_host_alias_set=
ac_cv_env_host_alias_value=
ac_cv_env_target_alias_set=
ac_cv_env_target_alias_value=
ac_cv_fixed_point_machine_x86_64_unknown_linux_gnu=no
ac_cv_func__doprnt=no
ac_cv_func_gettimeofday=yes
ac_cv_func_malloc_0_nonnull=yes
ac_cv_func_memcmp_working=yes
ac_cv_func_memmove=yes
ac_cv_func_memset=yes
ac_cv_func_realloc_0_nonnull=yes
ac_cv_func_select=yes
ac_cv_func_select_args='int,fd_set *,struct timeval *'
ac_cv_func_strcasecmp=yes
ac_cv_func_strchr=yes
ac_cv_func_strdup=yes
ac_cv_func_strerror=yes
ac_cv_func_strstr=yes
ac_cv_func_strtol=yes
ac_cv_func_vprintf=yes
ac_cv_header_audiofile_h=yes
ac_cv_header_dlfcn_h=yes
ac_cv_header_fcntl_h=yes
ac_cv_header_float_h=yes
ac_cv_header_inttypes_h=yes
ac_cv_header_malloc_h=yes
ac_cv_header_math_h=yes
ac_cv_header_memory_h=yes
ac_cv_header_socket_h=no
ac_cv_header_stdc=yes
ac_cv_header_stdint_h=yes
ac_cv_header_stdlib_h=yes
ac_cv_header_string_h=yes
ac_cv_header_strings_h=yes
ac_cv_header_sys_fcntl_h=yes
ac_cv_header_sys_ioctl_h=yes
ac_cv_header_sys_select_h=yes
ac_cv_header_sys_socket_h=yes
ac_cv_header_sys_stat_h=yes
ac_cv_header_sys_time_h=yes
ac_cv_header_sys_types_h=yes
ac_cv_header_sys_wait_h=yes
ac_cv_header_tgmath_h=yes
ac_cv_header_time=yes
ac_cv_header_unistd_h=yes
ac_cv_host=x86_64-unknown-linux-gnu
ac_cv_lib_error_at_line=yes
ac_cv_lib_m_cos=yes
ac_cv_misaligned_access_fails_x86_64_unknown_linux_gnu=no
ac_cv_objext=o
ac_cv_path_EGREP='/usr/bin/grep -E'
ac_cv_path_FGREP='/usr/bin/grep -F'
ac_cv_path_GREP=/usr/bin/grep
ac_cv_path_SED=/usr/bin/sed
ac_cv_path_install='/usr/bin/install -c'
ac_cv_path_mkdir=/usr/bin/mkdir
ac_cv_prog_AWK=gawk
ac_cv_prog_CPP='gcc -E'
ac_cv_prog_CXXCPP='g++ -E'
ac_cv_prog_ac_ct_AR=ar
ac_cv_prog_ac_ct_CC=gcc
ac_cv_prog_ac_ct_CXX=g++
ac_cv_prog_ac_ct_OBJDUMP=objdump
ac_cv_prog_ac_ct_RANLIB=ranlib
ac_cv_prog_ac_ct_STRIP=strip
ac_cv_prog_cc_c89=
ac_cv_prog_cc_g=yes
ac_cv_prog_cxx_g=yes
ac_cv_prog_gcc_traditional=no
ac_cv_prog_make_make_set=yes
ac_cv_real_file__usr_local_freeswitch_lib64=no
ac_cv_search_acosf='none required'
ac_cv_search_asinf='none required'
ac_cv_search_atan2f='none required'
ac_cv_search_atanf='none required'
ac_cv_search_ceilf='none required'
ac_cv_search_cosf='none required'
ac_cv_search_expf='none required'
ac_cv_search_floorf='none required'
ac_cv_search_log10f='none required'
ac_cv_search_logf='none required'
ac_cv_search_powf='none required'
ac_cv_search_sinf='none required'
ac_cv_search_tanf='none required'
ac_cv_type_long_double=yes
ac_cv_type_long_long=yes
ac_cv_type_signal=void
am_cv_CC_dependencies_compiler_type=gcc3
am_cv_CXX_dependencies_compiler_type=gcc3
am_cv_make_support_nested_variables=yes
ax_cv_c_compiler_vendor=gnu
lt_cv_ar_at_file=@
lt_cv_deplibs_check_method=pass_all
lt_cv_file_magic_cmd='$MAGIC_CMD'
lt_cv_file_magic_test_file=
lt_cv_ld_reload_flag=-r
lt_cv_nm_interface='BSD nm'
lt_cv_objdir=.libs
lt_cv_path_LD=/usr/bin/ld
lt_cv_path_LDCXX='/usr/bin/ld -m elf_x86_64'
lt_cv_path_NM='/usr/bin/nm -B'
lt_cv_path_mainfest_tool=no
lt_cv_prog_compiler_c_o=yes
lt_cv_prog_compiler_c_o_CXX=yes
lt_cv_prog_compiler_pic='-fPIC -DPIC'
lt_cv_prog_compiler_pic_CXX='-fPIC -DPIC'
lt_cv_prog_compiler_pic_works=yes
lt_cv_prog_compiler_pic_works_CXX=yes
lt_cv_prog_compiler_rtti_exceptions=no
lt_cv_prog_compiler_static_works=no
lt_cv_prog_compiler_static_works_CXX=no
lt_cv_prog_gnu_ld=yes
lt_cv_prog_gnu_ldcxx=yes
lt_cv_sharedlib_from_linklib_cmd='printf %s\n'
lt_cv_shlibpath_overrides_runpath=no
lt_cv_sys_global_symbol_pipe='sed -n -e '\''s/^.*[	 ]\([ABCDGIRSTW][ABCDGIRSTW]*\)[	 ][	 ]*\([_A-Za-z][_A-Za-z0-9]*\)$/\1 \2 \2/p'\'' | sed '\''/ __gnu_lto/d'\'''
lt_cv_sys_global_symbol_to_c_name_address='sed -n -e '\''s/^: \([^ ]*\)[ ]*$/  {\"\1\", (void *) 0},/p'\'' -e '\''s/^[ABCDGIRSTW]* \([^ ]*\) \([^ ]*\)$/  {"\2", (void *) \&\2},/p'\'''
lt_cv_sys_global_symbol_to_c_name_address_lib_prefix='sed -n -e '\''s/^: \([^ ]*\)[ ]*$/  {\"\1\", (void *) 0},/p'\'' -e '\''s/^[ABCDGIRSTW]* \([^ ]*\) \(lib[^ ]*\)$/  {"\2", (void *) \&\2},/p'\'' -e '\''s/^[ABCDGIRSTW]* \([^ ]*\) \([^ ]*\)$/  {"lib\2", (void *) \&\2},/p'\'''
lt_cv_sys_global_symbol_to_cdecl='sed -n -e '\''s/^T .* \(.*\)$/extern int \1();/p'\'' -e '\''s/^[ABCDGIRSTW]* .* \(.*\)$/extern char \1;/p'\'''
lt_cv_sys_max_cmd_len=1572864
lt_cv_to_host_file_cmd=func_convert_file_noop
lt_cv_to_tool_file_cmd=func_convert_file_noop

## ----------------- ##
## Output variables. ##
## ----------------- ##

ACLOCAL='aclocal-1.13'
AMDEPBACKSLASH='\'
AMDEP_FALSE='#'
AMDEP_TRUE=''
AMTAR='$${TAR-tar}'
AM_BACKSLASH='\'
AM_DEFAULT_V='$(AM_DEFAULT_VERBOSITY)'
AM_DEFAULT_VERBOSITY='1'
AM_V='$(V)'
AR='ar'
AUTOCONF='autoconf'
AUTOHEADER='autoheader'
AUTOMAKE='automake-1.13'
AWK='gawk'
CC='gcc'
CCDEPMODE='depmode=gcc3'
CC_FOR_BUILD='$(CC)'
CFLAGS='-g -O2'
COMP_VENDOR_CFLAGS='-DNDEBUG -std=gnu99 -ffast-math -Wall -Wunused-variable -Wwrite-strings -Wstrict-prototypes -Wmissing-prototypes'
COMP_VENDOR_LDFLAGS=''
COND_DOC_FALSE=''
COND_DOC_TRUE='#'
COND_MMX_FALSE=''
COND_MMX_TRUE='#'
COND_SSE2_FALSE=''
COND_SSE2_TRUE='#'
COND_SSE3_FALSE=''
COND_SSE3_TRUE='#'
COND_SSE4A_FALSE=''
COND_SSE4A_TRUE='#'
COND_SSE4_1_FALSE=''
COND_SSE4_1_TRUE='#'
COND_SSE4_2_FALSE=''
COND_SSE4_2_TRUE='#'
COND_SSE5_FALSE=''
COND_SSE5_TRUE='#'
COND_SSE_FALSE=''
COND_SSE_TRUE='#'
COND_TESTDATA_FALSE=''
COND_TESTDATA_TRUE='#'
COND_TESTS_FALSE=''
COND_TESTS_TRUE='#'
CPP='gcc -E'
CPPFLAGS=''
CXX='g++'
CXXCPP='g++ -E'
CXXDEPMODE='depmode=gcc3'
CXXFLAGS='-g -O2'
CYGPATH_W='echo'
DEFS='-DHAVE_CONFIG_H'
DEPDIR='.deps'
DLLTOOL='false'
DSYMUTIL=''
DUMPBIN=''
ECHO_C=''
ECHO_N='-n'
ECHO_T=''
EGREP='/usr/bin/grep -E'
EXEEXT=''
FGREP='/usr/bin/grep -F'
G722_1_LT_AGE='0'
G722_1_LT_CURRENT='0'
G722_1_LT_REVISION='2'
G722_1_USE_FIXED_POINT='#undef G722_1_USE_FIXED_POINT'
G722_1_VECTORS_FOR_TESTS='floating'
GREP='/usr/bin/grep'
INSERT_INTTYPES_HEADER='#include <inttypes.h>'
INSERT_MATH_HEADER='#include <math.h>'
INSERT_STDINT_HEADER='#include <stdint.h>'
INSERT_TGMATH_HEADER='#include <tgmath.h>'
INSTALL_DATA='${INSTALL} -m 644'
INSTALL_PROGRAM='${INSTALL}'
INSTALL_SCRIPT='${INSTALL}'
INSTALL_STRIP_PROGRAM='$(install_sh) -c -s'
LD='/usr/bin/ld -m elf_x86_64'
LDFLAGS=''
LIBOBJS=''
LIBS='-lm '
LIBTOOL='$(SHELL) $(top_builddir)/libtool'
LIPO=''
LN_S='ln -s'
LTLIBOBJS=''
MAKEINFO='makeinfo'
MANIFEST_TOOL=':'
MKDIR_P='/usr/bin/mkdir -p'
NM='/usr/bin/nm -B'
NMEDIT=''
OBJDUMP='objdump'
OBJEXT='o'
OTOOL64=''
OTOOL=''
PACKAGE='g722_1'
PACKAGE_BUGREPORT=''
PACKAGE_NAME=''
PACKAGE_STRING=''
PACKAGE_TARNAME=''
PACKAGE_URL=''
PACKAGE_VERSION=''
PATH_SEPARATOR=':'
RANLIB='ranlib'
SED='/usr/bin/sed'
SET_MAKE=''
SHELL='/bin/sh'
STRIP='strip'
TESTLIBS=''
VERSION='0.0.1'
ac_ct_AR='ar'
ac_ct_CC='gcc'
ac_ct_CXX='g++'
ac_ct_DUMPBIN=''
am__EXEEXT_FALSE=''
am__EXEEXT_TRUE='#'
am__fastdepCC_FALSE='#'
am__fastdepCC_TRUE=''
am__fastdepCXX_FALSE='#'
am__fastdepCXX_TRUE=''
am__include='include'
am__isrc=''
am__leading_dot='.'
am__nodep='_no'
am__quote=''
am__tar='$${TAR-tar} chof - "$$tardir"'
am__untar='$${TAR-tar} xf -'
bindir='${exec_prefix}/bin'
build='x86_64-unknown-linux-gnu'
build_alias=''
build_cpu='x86_64'
build_os='linux-gnu'
build_vendor='unknown'
datadir='${datarootdir}'
datarootdir='${prefix}/share'
docdir='${datarootdir}/doc/${PACKAGE}'
dvidir='${docdir}'
exec_prefix='${prefix}'
host='x86_64-unknown-linux-gnu'
host_alias=''
host_cpu='x86_64'
host_os='linux-gnu'
host_vendor='unknown'
htmldir='${docdir}'
includedir='${prefix}/include'
infodir='${datarootdir}/info'
install_sh='${SHELL} /home/robertj/freeswitch/libs/libg722_1/config/install-sh'
libdir='${exec_prefix}/lib'
libexecdir='${exec_prefix}/libexec'
localedir='${datarootdir}/locale'
localstatedir='${prefix}/var'
mandir='${datarootdir}/man'
mkdir_p='$(MKDIR_P)'
oldincludedir='/usr/include'
pdfdir='${docdir}'
prefix='/usr/local/freeswitch'
program_transform_name='s,x,x,'
psdir='${docdir}'
sbindir='${exec_prefix}/sbin'
sharedstatedir='${prefix}/com'
sysconfdir='${prefix}/etc'
target_alias=''

## ----------- ##
## confdefs.h. ##
## ----------- ##

/* confdefs.h */
#define PACKAGE_NAME ""
#define PACKAGE_TARNAME ""
#define PACKAGE_VERSION ""
#define PACKAGE_STRING ""
#define PACKAGE_BUGREPORT ""
#define PACKAGE_URL ""
#define PACKAGE "g722_1"
#define VERSION "0.0.1"
#define STDC_HEADERS 1
#define HAVE_SYS_TYPES_H 1
#define HAVE_SYS_STAT_H 1
#define HAVE_STDLIB_H 1
#define HAVE_STRING_H 1
#define HAVE_MEMORY_H 1
#define HAVE_STRINGS_H 1
#define HAVE_INTTYPES_H 1
#define HAVE_STDINT_H 1
#define HAVE_UNISTD_H 1
#define HAVE_DLFCN_H 1
#define LT_OBJDIR ".libs/"
#define HAVE_LONG_LONG 1
#define HAVE_LONG_DOUBLE 1
#define RETSIGTYPE void
#define HAVE_VPRINTF 1
#define HAVE_STDLIB_H 1
#define HAVE_MALLOC 1
#define HAVE_STDLIB_H 1
#define HAVE_REALLOC 1
#define HAVE_SYS_SELECT_H 1
#define HAVE_SYS_SOCKET_H 1
#define SELECT_TYPE_ARG1 int
#define SELECT_TYPE_ARG234 (fd_set *)
#define SELECT_TYPE_ARG5 (struct timeval *)
#define HAVE_LRINT 1
#define HAVE_LRINTF 1
#define HAVE_LLRINT 1
#define HAVE_LLRINTF 1
#define HAVE_MEMMOVE 1
#define HAVE_MEMSET 1
#define HAVE_SELECT 1
#define HAVE_STRCASECMP 1
#define HAVE_STRCHR 1
#define HAVE_STRDUP 1
#define HAVE_STRERROR 1
#define HAVE_STRSTR 1
#define HAVE_STRTOL 1
#define HAVE_GETTIMEOFDAY 1
#define STDC_HEADERS 1
#define HAVE_SYS_WAIT_H 1
#define TIME_WITH_SYS_TIME 1
#define HAVE_INTTYPES_H 1
#define HAVE_STDINT_H 1
#define HAVE_UNISTD_H 1
#define HAVE_STDLIB_H 1
#define HAVE_STRING_H 1
#define HAVE_STRINGS_H 1
#define HAVE_MALLOC_H 1
#define HAVE_TGMATH_H 1
#define HAVE_MATH_H 1
#define HAVE_FLOAT_H 1
#define HAVE_FCNTL_H 1
#define HAVE_SYS_TIME_H 1
#define HAVE_SYS_SELECT_H 1
#define HAVE_SYS_IOCTL_H 1
#define HAVE_SYS_FCNTL_H 1
#define HAVE_AUDIOFILE_H 1
#define HAVE_LIBM 1
#define HAVE_SINF 1
#define HAVE_COSF 1
#define HAVE_TANF 1
#define HAVE_ASINF 1
#define HAVE_ACOSF 1
#define HAVE_ATANF 1
#define HAVE_ATAN2F 1
#define HAVE_CEILF 1
#define HAVE_FLOORF 1
#define HAVE_POWF 1
#define HAVE_EXPF 1
#define HAVE_LOGF 1
#define HAVE_LOG10F 1

configure: exit 0
